<?xml version="1.0" encoding="UTF-8"?>
<!-- Generated by org.testng.reporters.JUnitReportReporter -->
<testsuite hostname="DESKTOP-TBGL6VE" failures="0" tests="1" name="Pretraživanje" time="18.954" errors="0" timestamp="12 velj 2021 13:58:25 GMT" skipped="0">
  <testcase classname="Pretraživanje" name="googleSearchTest" time="18.954"/>
</testsuite> <!-- Pretraživanje -->
