<?xml version="1.0" encoding="UTF-8"?>
<!-- Generated by org.testng.reporters.JUnitReportReporter -->
<testsuite hostname="DESKTOP-TBGL6VE" failures="0" tests="1" name="NenadicTest" time="16.805" errors="0" timestamp="18 sij 2021 13:13:51 GMT" skipped="0">
  <testcase classname="NenadicTest" name="googleSearchTest" time="16.805"/>
</testsuite> <!-- NenadicTest -->
