<?xml version="1.0" encoding="UTF-8"?>
<!-- Generated by org.testng.reporters.JUnitReportReporter -->
<testsuite hostname="DESKTOP-TBGL6VE" failures="0" tests="1" name="Login" time="22.274" errors="0" timestamp="12 velj 2021 13:58:24 GMT" skipped="0">
  <testcase classname="Login" name="login" time="22.274"/>
</testsuite> <!-- Login -->
