<?xml version="1.0" encoding="UTF-8"?>
<!-- Generated by org.testng.reporters.JUnitReportReporter -->
<testsuite hostname="DESKTOP-TBGL6VE" failures="0" tests="1" name="Lozinka" time="20.733" errors="0" timestamp="12 velj 2021 13:58:25 GMT" skipped="0">
  <testcase classname="Lozinka" name="Password" time="20.733"/>
</testsuite> <!-- Lozinka -->
