<?xml version="1.0" encoding="UTF-8"?>
<!-- Generated by org.testng.reporters.JUnitReportReporter -->
<testsuite hostname="DESKTOP-TBGL6VE" failures="0" tests="1" name="Potvrda" time="31.134" errors="0" timestamp="12 velj 2021 13:58:24 GMT" skipped="0">
  <testcase classname="Potvrda" name="ShoppingCart" time="31.134"/>
</testsuite> <!-- Potvrda -->
